mode: set
usdt/config/config.go:25.25,38.2 1 0
usdt/internal/infrastructure/db/db.go:13.65,18.16 3 0
usdt/internal/infrastructure/db/db.go:18.16,20.3 1 0
usdt/internal/infrastructure/db/db.go:21.2,24.16 3 0
usdt/internal/infrastructure/db/db.go:24.16,26.3 1 0
usdt/internal/infrastructure/db/db.go:28.2,30.16 3 0
usdt/internal/infrastructure/db/db.go:30.16,32.3 1 0
usdt/internal/infrastructure/db/db.go:34.2,35.16 2 0
usdt/internal/infrastructure/db/db.go:35.16,36.33 1 0
usdt/internal/infrastructure/db/db.go:36.33,38.4 1 0
usdt/internal/infrastructure/db/db.go:38.9,40.4 1 0
usdt/internal/infrastructure/db/db.go:41.8,43.3 1 0
usdt/internal/infrastructure/db/db.go:45.2,45.12 1 0
usdt/cmd/main.go:13.13,15.16 2 0
usdt/cmd/main.go:15.16,17.3 1 0
usdt/cmd/main.go:18.2,23.16 6 0
usdt/cmd/main.go:23.16,25.3 1 0
usdt/cmd/main.go:26.2,27.32 2 0
usdt/internal/db/adapter.go:20.51,36.16 4 0
usdt/internal/db/adapter.go:36.16,38.3 1 0
usdt/internal/db/adapter.go:40.2,40.16 1 0
usdt/internal/db/adapter.go:40.16,42.3 1 0
usdt/internal/db/adapter.go:44.2,44.32 1 0
usdt/internal/db/adapter.go:47.41,49.16 2 0
usdt/internal/db/adapter.go:49.16,51.3 1 0
usdt/internal/db/adapter.go:52.2,52.22 1 0
usdt/internal/db/adapter.go:55.99,58.2 2 0
usdt/internal/db/adapter.go:60.104,63.25 3 0
usdt/internal/db/adapter.go:63.25,64.45 1 0
usdt/internal/db/adapter.go:64.45,66.4 1 0
usdt/internal/db/adapter.go:67.3,67.99 1 0
usdt/internal/db/adapter.go:69.2,69.19 1 0
usdt/internal/db/adapter.go:72.113,75.25 3 0
usdt/internal/db/adapter.go:75.25,76.45 1 0
usdt/internal/db/adapter.go:76.45,78.4 1 0
usdt/internal/db/adapter.go:79.3,79.101 1 0
usdt/internal/db/adapter.go:81.2,81.19 1 0
usdt/internal/db/adapter.go:83.99,86.25 3 0
usdt/internal/db/adapter.go:86.25,88.3 1 0
usdt/internal/db/adapter.go:89.2,89.19 1 0
usdt/internal/db/adapter.go:92.99,95.2 2 0
usdt/internal/db/adapter.go:97.83,100.2 2 0
usdt/internal/infrastructure/logger/logger.go:20.60,42.16 10 0
usdt/internal/infrastructure/logger/logger.go:42.16,44.3 1 0
usdt/internal/infrastructure/logger/logger.go:45.2,55.41 5 0
usdt/internal/infrastructure/requestAPI/garantex/garantex.go:32.48,33.19 1 1
usdt/internal/infrastructure/requestAPI/garantex/garantex.go:33.19,35.3 1 0
usdt/internal/infrastructure/requestAPI/garantex/garantex.go:36.2,46.3 2 1
usdt/internal/infrastructure/requestAPI/garantex/garantex.go:49.107,54.9 3 1
usdt/internal/infrastructure/requestAPI/garantex/garantex.go:54.9,56.3 1 1
usdt/internal/infrastructure/requestAPI/garantex/garantex.go:58.2,60.16 3 1
usdt/internal/infrastructure/requestAPI/garantex/garantex.go:60.16,62.3 1 0
usdt/internal/infrastructure/requestAPI/garantex/garantex.go:63.2,65.38 2 1
usdt/internal/infrastructure/requestAPI/garantex/garantex.go:65.38,67.3 1 1
usdt/internal/infrastructure/requestAPI/garantex/garantex.go:69.2,70.66 2 1
usdt/internal/infrastructure/requestAPI/garantex/garantex.go:70.66,72.3 1 1
usdt/internal/infrastructure/requestAPI/garantex/garantex.go:74.2,74.50 1 1
usdt/internal/infrastructure/requestAPI/garantex/garantex.go:74.50,76.3 1 1
usdt/internal/infrastructure/requestAPI/garantex/garantex.go:78.2,82.43 4 1
usdt/internal/infrastructure/requestAPI/garantex/garantex.go:85.39,87.16 2 1
usdt/internal/infrastructure/requestAPI/garantex/garantex.go:87.16,89.3 1 0
usdt/internal/infrastructure/requestAPI/garantex/garantex.go:90.2,90.10 1 1
usdt/testclient/main.go:18.67,23.2 2 0
usdt/testclient/main.go:26.96,34.16 3 0
usdt/testclient/main.go:34.16,36.3 1 0
usdt/testclient/main.go:38.2,38.18 1 0
usdt/testclient/main.go:41.13,44.16 2 0
usdt/testclient/main.go:44.16,46.3 1 0
usdt/testclient/main.go:47.2,55.16 5 0
usdt/testclient/main.go:55.16,57.3 1 0
usdt/testclient/main.go:60.2,63.56 4 0
usdt/internal/modules/service/service.go:15.72,20.2 1 1
usdt/internal/modules/service/service.go:22.95,25.16 2 1
usdt/internal/modules/service/service.go:25.16,27.3 1 1
usdt/internal/modules/service/service.go:28.2,35.16 3 1
usdt/internal/modules/service/service.go:35.16,37.3 1 1
usdt/internal/modules/service/service.go:38.2,38.19 1 1
usdt/internal/proto/usdt_proto/usdt.pb.go:31.35,36.2 4 0
usdt/internal/proto/usdt_proto/usdt.pb.go:38.43,40.2 1 0
usdt/internal/proto/usdt_proto/usdt.pb.go:42.41,42.42 0 0
usdt/internal/proto/usdt_proto/usdt.pb.go:44.63,46.14 2 0
usdt/internal/proto/usdt_proto/usdt.pb.go:46.14,48.34 2 0
usdt/internal/proto/usdt_proto/usdt.pb.go:48.34,50.4 1 0
usdt/internal/proto/usdt_proto/usdt.pb.go:51.3,51.12 1 0
usdt/internal/proto/usdt_proto/usdt.pb.go:53.2,53.24 1 0
usdt/internal/proto/usdt_proto/usdt.pb.go:57.54,59.2 1 0
usdt/internal/proto/usdt_proto/usdt.pb.go:61.54,62.14 1 0
usdt/internal/proto/usdt_proto/usdt.pb.go:62.14,64.3 1 0
usdt/internal/proto/usdt_proto/usdt.pb.go:65.2,65.11 1 0
usdt/internal/proto/usdt_proto/usdt.pb.go:76.36,81.2 4 0
usdt/internal/proto/usdt_proto/usdt.pb.go:83.44,85.2 1 0
usdt/internal/proto/usdt_proto/usdt.pb.go:87.42,87.43 0 0
usdt/internal/proto/usdt_proto/usdt.pb.go:89.64,91.14 2 0
usdt/internal/proto/usdt_proto/usdt.pb.go:91.14,93.34 2 0
usdt/internal/proto/usdt_proto/usdt.pb.go:93.34,95.4 1 0
usdt/internal/proto/usdt_proto/usdt.pb.go:96.3,96.12 1 0
usdt/internal/proto/usdt_proto/usdt.pb.go:98.2,98.24 1 0
usdt/internal/proto/usdt_proto/usdt.pb.go:102.55,104.2 1 0
usdt/internal/proto/usdt_proto/usdt.pb.go:106.52,107.14 1 0
usdt/internal/proto/usdt_proto/usdt.pb.go:107.14,109.3 1 0
usdt/internal/proto/usdt_proto/usdt.pb.go:110.2,110.12 1 0
usdt/internal/proto/usdt_proto/usdt.pb.go:124.32,129.2 4 0
usdt/internal/proto/usdt_proto/usdt.pb.go:131.40,133.2 1 0
usdt/internal/proto/usdt_proto/usdt.pb.go:135.38,135.39 0 0
usdt/internal/proto/usdt_proto/usdt.pb.go:137.60,139.14 2 0
usdt/internal/proto/usdt_proto/usdt.pb.go:139.14,141.34 2 0
usdt/internal/proto/usdt_proto/usdt.pb.go:141.34,143.4 1 0
usdt/internal/proto/usdt_proto/usdt.pb.go:144.3,144.12 1 0
usdt/internal/proto/usdt_proto/usdt.pb.go:146.2,146.24 1 0
usdt/internal/proto/usdt_proto/usdt.pb.go:150.51,152.2 1 0
usdt/internal/proto/usdt_proto/usdt.pb.go:154.41,155.14 1 0
usdt/internal/proto/usdt_proto/usdt.pb.go:155.14,157.3 1 0
usdt/internal/proto/usdt_proto/usdt.pb.go:158.2,158.11 1 0
usdt/internal/proto/usdt_proto/usdt.pb.go:161.46,162.14 1 0
usdt/internal/proto/usdt_proto/usdt.pb.go:162.14,164.3 1 0
usdt/internal/proto/usdt_proto/usdt.pb.go:165.2,165.10 1 0
usdt/internal/proto/usdt_proto/usdt.pb.go:168.46,169.14 1 0
usdt/internal/proto/usdt_proto/usdt.pb.go:169.14,171.3 1 0
usdt/internal/proto/usdt_proto/usdt.pb.go:172.2,172.10 1 0
usdt/internal/proto/usdt_proto/usdt.pb.go:175.46,176.14 1 0
usdt/internal/proto/usdt_proto/usdt.pb.go:176.14,178.3 1 0
usdt/internal/proto/usdt_proto/usdt.pb.go:179.2,179.11 1 0
usdt/internal/proto/usdt_proto/usdt.pb.go:216.43,217.40 1 0
usdt/internal/proto/usdt_proto/usdt.pb.go:217.40,219.3 1 0
usdt/internal/proto/usdt_proto/usdt.pb.go:220.2,220.36 1 0
usdt/internal/proto/usdt_proto/usdt.pb.go:240.13,240.39 1 0
usdt/internal/proto/usdt_proto/usdt.pb.go:241.29,242.28 1 0
usdt/internal/proto/usdt_proto/usdt.pb.go:242.28,244.3 1 0
usdt/internal/proto/usdt_proto/usdt.pb.go:245.2,262.31 6 0
usdt/internal/proto/usdt_proto/usdt_grpc.pb.go:36.74,38.2 1 0
usdt/internal/proto/usdt_proto/usdt_grpc.pb.go:40.132,44.16 4 0
usdt/internal/proto/usdt_proto/usdt_grpc.pb.go:44.16,46.3 1 0
usdt/internal/proto/usdt_proto/usdt_grpc.pb.go:47.2,47.17 1 0
usdt/internal/proto/usdt_proto/usdt_grpc.pb.go:65.110,67.2 1 0
usdt/internal/proto/usdt_proto/usdt_grpc.pb.go:68.82,68.83 0 0
usdt/internal/proto/usdt_proto/usdt_grpc.pb.go:69.82,69.83 0 0
usdt/internal/proto/usdt_proto/usdt_grpc.pb.go:78.80,83.59 1 0
usdt/internal/proto/usdt_proto/usdt_grpc.pb.go:83.59,85.3 1 0
usdt/internal/proto/usdt_proto/usdt_grpc.pb.go:86.2,86.50 1 0
usdt/internal/proto/usdt_proto/usdt_grpc.pb.go:89.165,91.32 2 0
usdt/internal/proto/usdt_proto/usdt_grpc.pb.go:91.32,93.3 1 0
usdt/internal/proto/usdt_proto/usdt_grpc.pb.go:94.2,94.24 1 0
usdt/internal/proto/usdt_proto/usdt_grpc.pb.go:94.24,96.3 1 0
usdt/internal/proto/usdt_proto/usdt_grpc.pb.go:97.2,101.77 2 0
usdt/internal/proto/usdt_proto/usdt_grpc.pb.go:101.77,103.3 1 0
usdt/internal/proto/usdt_proto/usdt_grpc.pb.go:104.2,104.44 1 0
usdt/run/run.go:18.73,26.16 8 0
usdt/run/run.go:26.16,28.3 1 0
usdt/run/run.go:29.2,31.45 2 0
usdt/run/run.go:31.45,33.3 1 0
usdt/internal/modules/controller/controller.go:21.83,26.2 1 1
usdt/internal/modules/controller/controller.go:28.127,30.16 2 1
usdt/internal/modules/controller/controller.go:30.16,33.3 2 1
usdt/internal/modules/controller/controller.go:34.2,44.18 3 1
usdt/internal/proto/usdt_proto/usdt.pb.go:31.35,36.2 4 0
usdt/internal/proto/usdt_proto/usdt.pb.go:38.43,40.2 1 0
usdt/internal/proto/usdt_proto/usdt.pb.go:42.41,42.42 0 0
usdt/internal/proto/usdt_proto/usdt.pb.go:44.63,46.14 2 0
usdt/internal/proto/usdt_proto/usdt.pb.go:46.14,48.34 2 0
usdt/internal/proto/usdt_proto/usdt.pb.go:48.34,50.4 1 0
usdt/internal/proto/usdt_proto/usdt.pb.go:51.3,51.12 1 0
usdt/internal/proto/usdt_proto/usdt.pb.go:53.2,53.24 1 0
usdt/internal/proto/usdt_proto/usdt.pb.go:57.54,59.2 1 0
usdt/internal/proto/usdt_proto/usdt.pb.go:61.54,62.14 1 0
usdt/internal/proto/usdt_proto/usdt.pb.go:62.14,64.3 1 0
usdt/internal/proto/usdt_proto/usdt.pb.go:65.2,65.11 1 0
usdt/internal/proto/usdt_proto/usdt.pb.go:76.36,81.2 4 0
usdt/internal/proto/usdt_proto/usdt.pb.go:83.44,85.2 1 0
usdt/internal/proto/usdt_proto/usdt.pb.go:87.42,87.43 0 0
usdt/internal/proto/usdt_proto/usdt.pb.go:89.64,91.14 2 0
usdt/internal/proto/usdt_proto/usdt.pb.go:91.14,93.34 2 0
usdt/internal/proto/usdt_proto/usdt.pb.go:93.34,95.4 1 0
usdt/internal/proto/usdt_proto/usdt.pb.go:96.3,96.12 1 0
usdt/internal/proto/usdt_proto/usdt.pb.go:98.2,98.24 1 0
usdt/internal/proto/usdt_proto/usdt.pb.go:102.55,104.2 1 0
usdt/internal/proto/usdt_proto/usdt.pb.go:106.52,107.14 1 0
usdt/internal/proto/usdt_proto/usdt.pb.go:107.14,109.3 1 0
usdt/internal/proto/usdt_proto/usdt.pb.go:110.2,110.12 1 0
usdt/internal/proto/usdt_proto/usdt.pb.go:124.32,129.2 4 0
usdt/internal/proto/usdt_proto/usdt.pb.go:131.40,133.2 1 0
usdt/internal/proto/usdt_proto/usdt.pb.go:135.38,135.39 0 0
usdt/internal/proto/usdt_proto/usdt.pb.go:137.60,139.14 2 0
usdt/internal/proto/usdt_proto/usdt.pb.go:139.14,141.34 2 0
usdt/internal/proto/usdt_proto/usdt.pb.go:141.34,143.4 1 0
usdt/internal/proto/usdt_proto/usdt.pb.go:144.3,144.12 1 0
usdt/internal/proto/usdt_proto/usdt.pb.go:146.2,146.24 1 0
usdt/internal/proto/usdt_proto/usdt.pb.go:150.51,152.2 1 0
usdt/internal/proto/usdt_proto/usdt.pb.go:154.41,155.14 1 0
usdt/internal/proto/usdt_proto/usdt.pb.go:155.14,157.3 1 0
usdt/internal/proto/usdt_proto/usdt.pb.go:158.2,158.11 1 0
usdt/internal/proto/usdt_proto/usdt.pb.go:161.46,162.14 1 0
usdt/internal/proto/usdt_proto/usdt.pb.go:162.14,164.3 1 0
usdt/internal/proto/usdt_proto/usdt.pb.go:165.2,165.10 1 0
usdt/internal/proto/usdt_proto/usdt.pb.go:168.46,169.14 1 0
usdt/internal/proto/usdt_proto/usdt.pb.go:169.14,171.3 1 0
usdt/internal/proto/usdt_proto/usdt.pb.go:172.2,172.10 1 0
usdt/internal/proto/usdt_proto/usdt.pb.go:175.46,176.14 1 0
usdt/internal/proto/usdt_proto/usdt.pb.go:176.14,178.3 1 0
usdt/internal/proto/usdt_proto/usdt.pb.go:179.2,179.11 1 0
usdt/internal/proto/usdt_proto/usdt.pb.go:216.43,217.40 1 0
usdt/internal/proto/usdt_proto/usdt.pb.go:217.40,219.3 1 0
usdt/internal/proto/usdt_proto/usdt.pb.go:220.2,220.36 1 0
usdt/internal/proto/usdt_proto/usdt.pb.go:240.13,240.39 1 1
usdt/internal/proto/usdt_proto/usdt.pb.go:241.29,242.28 1 1
usdt/internal/proto/usdt_proto/usdt.pb.go:242.28,244.3 1 0
usdt/internal/proto/usdt_proto/usdt.pb.go:245.2,262.31 6 1
usdt/internal/proto/usdt_proto/usdt_grpc.pb.go:36.74,38.2 1 0
usdt/internal/proto/usdt_proto/usdt_grpc.pb.go:40.132,44.16 4 0
usdt/internal/proto/usdt_proto/usdt_grpc.pb.go:44.16,46.3 1 0
usdt/internal/proto/usdt_proto/usdt_grpc.pb.go:47.2,47.17 1 0
usdt/internal/proto/usdt_proto/usdt_grpc.pb.go:65.110,67.2 1 0
usdt/internal/proto/usdt_proto/usdt_grpc.pb.go:68.82,68.83 0 0
usdt/internal/proto/usdt_proto/usdt_grpc.pb.go:69.82,69.83 0 0
usdt/internal/proto/usdt_proto/usdt_grpc.pb.go:78.80,83.59 1 0
usdt/internal/proto/usdt_proto/usdt_grpc.pb.go:83.59,85.3 1 0
usdt/internal/proto/usdt_proto/usdt_grpc.pb.go:86.2,86.50 1 0
usdt/internal/proto/usdt_proto/usdt_grpc.pb.go:89.165,91.32 2 0
usdt/internal/proto/usdt_proto/usdt_grpc.pb.go:91.32,93.3 1 0
usdt/internal/proto/usdt_proto/usdt_grpc.pb.go:94.2,94.24 1 0
usdt/internal/proto/usdt_proto/usdt_grpc.pb.go:94.24,96.3 1 0
usdt/internal/proto/usdt_proto/usdt_grpc.pb.go:97.2,101.77 2 0
usdt/internal/proto/usdt_proto/usdt_grpc.pb.go:101.77,103.3 1 0
usdt/internal/proto/usdt_proto/usdt_grpc.pb.go:104.2,104.44 1 0
usdt/internal/modules/storage/storage.go:13.56,15.2 1 1
usdt/internal/modules/storage/storage.go:17.83,19.16 2 1
usdt/internal/modules/storage/storage.go:19.16,21.3 1 1
usdt/internal/modules/storage/storage.go:22.2,22.12 1 1
usdt/internal/modules/storage/storage.go:25.83,27.16 2 1
usdt/internal/modules/storage/storage.go:27.16,29.3 1 1
usdt/internal/modules/storage/storage.go:30.2,30.12 1 1
usdt/internal/modules/storage/storage.go:33.67,35.16 2 1
usdt/internal/modules/storage/storage.go:35.16,37.3 1 1
usdt/internal/modules/storage/storage.go:38.2,38.12 1 1
usdt/internal/modules/storage/storage.go:41.91,43.16 2 1
usdt/internal/modules/storage/storage.go:43.16,45.3 1 1
usdt/internal/modules/storage/storage.go:46.2,46.17 1 1
usdt/internal/modules/storage/storage.go:46.17,48.3 1 1
usdt/internal/modules/storage/storage.go:49.2,49.19 1 1
usdt/internal/modules/storage/storage.go:52.96,54.16 2 1
usdt/internal/modules/storage/storage.go:54.16,56.3 1 1
usdt/internal/modules/storage/storage.go:57.2,57.17 1 1
usdt/internal/modules/storage/storage.go:57.17,59.3 1 1
usdt/internal/modules/storage/storage.go:60.2,60.19 1 1
usdt/internal/modules/storage/storage.go:63.82,65.16 2 1
usdt/internal/modules/storage/storage.go:65.16,67.3 1 1
usdt/internal/modules/storage/storage.go:68.2,68.19 1 1
